#
# A fatal error has been detected by the Java Runtime Environment:
#
#  EXCEPTION_STACK_OVERFLOW (0xc00000fd) at pc=0x0000000076943987, pid=16668, tid=0x0000000000003c24
#
# JRE version: Java(TM) SE Runtime Environment (8.0_101-b13) (build 1.8.0_101-b13)
# Java VM: Java HotSpot(TM) 64-Bit Server VM (25.101-b13 mixed mode windows-amd64 compressed oops)
# Problematic frame:
# V  [jvm.dll+0x213987]
#
# Failed to write core dump. Minidumps are not enabled by default on client versions of Windows
#
# If you would like to submit a bug report, please visit:
#   http://bugreport.java.com/bugreport/crash.jsp
#

---------------  T H R E A D  ---------------

Current thread (0x000000001c100800):  JavaThread "JMX server connection timeout 70" daemon [_thread_in_vm, id=15396, stack(0x000000001f9c0000,0x000000001fac0000)]

siginfo: ExceptionCode=0xc00000fd, ExceptionInformation=0x0000000000000001 0x000000001fabd5b0 

Registers:
RAX=0x000000001fabd5b0, RBX=0x0000000000000003, RCX=0x0000000000002000, RDX=0x0000000000000006
RSP=0x000000001fabf5b0, RBP=0x0000000000000000, RSI=0x000000001fabf5b0, RDI=0x0000000000000003
R8 =0x0000000000000006, R9 =0x000000001e3127d0, R10=0x000000001785df88, R11=0x000000001f9ca148
R12=0x000000001e3127d0, R13=0x000000001c100800, R14=0x000000001fabf678, R15=0x000000001785df88
RIP=0x0000000076943987, EFLAGS=0x0000000000010202

Top of Stack: (sp=0x000000001fabf5b0)
0x000000001fabf5b0:   0000000000000002 0000000000000078
0x000000001fabf5c0:   000000001c100800 000000001e3127d0
0x000000001fabf5d0:   00000000ffffffff 00000000769448b7
0x000000001fabf5e0:   000000001fabf6e0 000000001785df88
0x000000001fabf5f0:   000000001c100800 00000000767f04e3
0x000000001fabf600:   000000001fabf640 000000001c100800
0x000000001fabf610:   000000001fabf6d0 000000001c100800
0x000000001fabf620:   000000001785df88 000000001c100800
0x000000001fabf630:   00000000036f9a20 000000001c100800
0x000000001fabf640:   000000001785df88 000000001c100800
0x000000001fabf650:   000000001785df88 000000001c100800
0x000000001fabf660:   0000000000000001 000000001785df88
0x000000001fabf670:   000000001c100800 000000001bdb8470
0x000000001fabf680:   000000001c100800 00000000767f19cd
0x000000001fabf690:   000000001fabf998 00000001000069a0
0x000000001fabf6a0:   00000001000069a0 00000000768ef9f3 

Instructions: (pc=0x0000000076943987)
0x0000000076943967:   48 89 6c 24 30 33 ed 66 90 e8 cb 37 08 00 ff c3
0x0000000076943977:   48 63 c8 48 8b c6 48 0f af cf 48 ff c7 48 2b c1
0x0000000076943987:   89 28 48 63 c3 48 3b 05 3d 0d 59 00 7e db 48 8b
0x0000000076943997:   6c 24 30 48 8b 5c 24 38 48 8b 74 24 40 48 83 c4 


Register to memory mapping:

RAX=0x000000001fabd5b0 is pointing into the stack for thread: 0x000000001c100800
RBX=0x0000000000000003 is an unknown value
RCX=0x0000000000002000 is an unknown value
RDX=0x0000000000000006 is an unknown value
RSP=0x000000001fabf5b0 is pointing into the stack for thread: 0x000000001c100800
RBP=0x0000000000000000 is an unknown value
RSI=0x000000001fabf5b0 is pointing into the stack for thread: 0x000000001c100800
RDI=0x0000000000000003 is an unknown value
R8 =0x0000000000000006 is an unknown value
R9 =0x000000001e3127d0 is an unknown value
R10={method} {0x000000001785df90} 'run' '()V' in 'java/lang/Thread'
R11=0x000000001f9ca148 is pointing into the stack for thread: 0x000000001c100800
R12=0x000000001e3127d0 is an unknown value
R13=0x000000001c100800 is a thread
R14=0x000000001fabf678 is pointing into the stack for thread: 0x000000001c100800
R15={method} {0x000000001785df90} 'run' '()V' in 'java/lang/Thread'


Stack: [0x000000001f9c0000,0x000000001fac0000],  sp=0x000000001fabf5b0,  free space=1021k
Native frames: (J=compiled Java code, j=interpreted, Vv=VM code, C=native code)


---------------  P R O C E S S  ---------------

Java Threads: ( => current thread )
=>0x000000001c100800 JavaThread "JMX server connection timeout 70" daemon [_thread_in_vm, id=15396, stack(0x000000001f9c0000,0x000000001fac0000)]
  0x000000001c103000 JavaThread "container-0" [_thread_blocked, id=8436, stack(0x000000001dbf0000,0x000000001dcf0000)]
  0x000000001c0ff000 JavaThread "ContainerBackgroundProcessor[StandardEngine[Tomcat]]" daemon [_thread_blocked, id=9924, stack(0x000000001daf0000,0x000000001dbf0000)]
  0x000000001bd35800 JavaThread "SimplePauseDetectorThread_0" daemon [_thread_blocked, id=13480, stack(0x000000001d9f0000,0x000000001daf0000)]
  0x000000001bd34800 JavaThread "Thread-32" daemon [_thread_blocked, id=14280, stack(0x000000001d8f0000,0x000000001d9f0000)]
  0x000000001c0eb800 JavaThread "spring.cloud.inetutils" daemon [_thread_blocked, id=16408, stack(0x000000001d5f0000,0x000000001d6f0000)]
  0x000000001be5e800 JavaThread "localhost-startStop-1" daemon [_thread_blocked, id=12344, stack(0x000000001d2f0000,0x000000001d3f0000)]
  0x000000001be2f800 JavaThread "Tomcat-startStop-1" daemon [_thread_blocked, id=7276, stack(0x000000001b020000,0x000000001b120000)]
  0x000000001a571800 JavaThread "RMI Scheduler(0)" daemon [_thread_blocked, id=8988, stack(0x000000001af20000,0x000000001b020000)]
  0x000000001a503000 JavaThread "RMI TCP Connection(1)-10.1.1.28" daemon [_thread_in_native, id=14232, stack(0x000000001ae20000,0x000000001af20000)]
  0x000000001a265000 JavaThread "RMI TCP Accept-0" daemon [_thread_in_native, id=16084, stack(0x000000001aa20000,0x000000001ab20000)]
  0x000000001a0d6000 JavaThread "Service Thread" daemon [_thread_blocked, id=17052, stack(0x000000001a920000,0x000000001aa20000)]
  0x000000001a054800 JavaThread "C1 CompilerThread2" daemon [_thread_blocked, id=7472, stack(0x000000001a820000,0x000000001a920000)]
  0x000000001a040800 JavaThread "C2 CompilerThread1" daemon [_thread_blocked, id=15964, stack(0x000000001a720000,0x000000001a820000)]
  0x000000001a040000 JavaThread "C2 CompilerThread0" daemon [_thread_blocked, id=16880, stack(0x000000001a620000,0x000000001a720000)]
  0x0000000018215800 JavaThread "JDWP Command Reader" daemon [_thread_in_native, id=13444, stack(0x0000000019d20000,0x0000000019e20000)]
  0x0000000018214000 JavaThread "JDWP Event Helper Thread" daemon [_thread_blocked, id=17104, stack(0x0000000019c20000,0x0000000019d20000)]
  0x0000000018200800 JavaThread "JDWP Transport Listener: dt_socket" daemon [_thread_blocked, id=17224, stack(0x0000000019b20000,0x0000000019c20000)]
  0x00000000181f9800 JavaThread "Attach Listener" daemon [_thread_blocked, id=12852, stack(0x0000000019a20000,0x0000000019b20000)]
  0x0000000019563800 JavaThread "Signal Dispatcher" daemon [_thread_blocked, id=11532, stack(0x0000000019920000,0x0000000019a20000)]
  0x00000000034fe800 JavaThread "Finalizer" daemon [_thread_blocked, id=16796, stack(0x0000000019420000,0x0000000019520000)]
  0x00000000034f9000 JavaThread "Reference Handler" daemon [_thread_blocked, id=5884, stack(0x0000000019320000,0x0000000019420000)]
  0x000000000340a000 JavaThread "main" [_thread_blocked, id=16428, stack(0x0000000003300000,0x0000000003400000)]

Other Threads:
  0x0000000018197800 VMThread [stack: 0x0000000019220000,0x0000000019320000] [id=16616]
  0x000000001a274800 WatcherThread [stack: 0x000000001ab20000,0x000000001ac20000] [id=12996]

VM state:synchronizing (normal execution)

VM Mutex/Monitor currently owned by a thread:  ([mutex/lock_event])
[0x0000000003401a50] Threads_lock - owner thread: 0x0000000018197800
[0x0000000003400dd0] Heap_lock - owner thread: 0x000000000340a000

Heap:
 PSYoungGen      total 108032K, used 3660K [0x00000000d6000000, 0x00000000dd700000, 0x0000000100000000)
  eden space 98816K, 3% used [0x00000000d6000000,0x00000000d6393028,0x00000000dc080000)
  from space 9216K, 0% used [0x00000000dca80000,0x00000000dca80000,0x00000000dd380000)
  to   space 10240K, 0% used [0x00000000dc080000,0x00000000dc080000,0x00000000dca80000)
 ParOldGen       total 54784K, used 30615K [0x0000000082000000, 0x0000000085580000, 0x00000000d6000000)
  object space 54784K, 55% used [0x0000000082000000,0x0000000083de5c40,0x0000000085580000)
 Metaspace       used 40227K, capacity 42332K, committed 42496K, reserved 1097728K
  class space    used 5461K, capacity 5833K, committed 5888K, reserved 1048576K

Card table byte_map: [0x0000000012aa0000,0x0000000012ea0000] byte_map_base: 0x0000000012690000

Marking Bits: (ParMarkBitMap*) 0x0000000076f4a6d0
 Begin Bits: [0x0000000013540000, 0x00000000154c0000)
 End Bits:   [0x00000000154c0000, 0x0000000017440000)

Polling page: 0x00000000010e0000

CodeCache: size=245760Kb used=9515Kb max_used=9535Kb free=236244Kb
 bounds [0x00000000036e0000, 0x0000000004030000, 0x00000000126e0000]
 total_blobs=4909 nmethods=4462 adapters=364
 compilation: disabled (not enough contiguous free space left)

Compilation events (10 events):
Event: 24.361 Thread 0x000000001a054800 4523  s    1       java.io.ByteArrayOutputStream::write (66 bytes)
Event: 24.362 Thread 0x000000001a054800 nmethod 4523 0x0000000003ef1650 code [0x0000000003ef17e0, 0x0000000003ef1c48]
Event: 24.362 Thread 0x000000001a054800 4524       1       java.math.BigInteger::destructiveMulAdd (150 bytes)
Event: 24.362 Thread 0x000000001a054800 nmethod 4524 0x0000000003e89e90 code [0x0000000003e89fe0, 0x0000000003e8a210]
Event: 24.363 Thread 0x000000001a054800 4525       1       sun.security.util.ObjectIdentifier::pack (219 bytes)
Event: 24.363 Thread 0x000000001a054800 nmethod 4525 0x0000000003cc5e50 code [0x0000000003cc5fc0, 0x0000000003cc6388]
Event: 24.368 Thread 0x000000001a054800 4526       1       java.math.BigInteger::getInt (63 bytes)
Event: 24.368 Thread 0x000000001a054800 nmethod 4526 0x0000000003d7cb50 code [0x0000000003d7ccc0, 0x0000000003d7cea8]
Event: 24.368 Thread 0x000000001a054800 4527       1       java.math.BigInteger::<init> (404 bytes)
Event: 24.371 Thread 0x000000001a054800 


GC Heap History (10 events):
Event: 22.177 GC heap before
{Heap before GC invocations=16 (full 2):
 PSYoungGen      total 109056K, used 106267K [0x00000000d6000000, 0x00000000dd700000, 0x0000000100000000)
  eden space 98816K, 100% used [0x00000000d6000000,0x00000000dc080000,0x00000000dc080000)
  from space 10240K, 72% used [0x00000000dc080000,0x00000000dc7c6e50,0x00000000dca80000)
  to   space 9216K, 0% used [0x00000000dca80000,0x00000000dca80000,0x00000000dd380000)
 ParOldGen       total 54784K, used 21781K [0x0000000082000000, 0x0000000085580000, 0x00000000d6000000)
  object space 54784K, 39% used [0x0000000082000000,0x00000000835454e0,0x0000000085580000)
 Metaspace       used 38548K, capacity 40630K, committed 40960K, reserved 1087488K
  class space    used 5246K, capacity 5622K, committed 5632K, reserved 1048576K
Event: 22.199 GC heap after
Heap after GC invocations=16 (full 2):
 PSYoungGen      total 108032K, used 9216K [0x00000000d6000000, 0x00000000dd700000, 0x0000000100000000)
  eden space 98816K, 0% used [0x00000000d6000000,0x00000000d6000000,0x00000000dc080000)
  from space 9216K, 100% used [0x00000000dca80000,0x00000000dd380000,0x00000000dd380000)
  to   space 10240K, 0% used [0x00000000dc080000,0x00000000dc080000,0x00000000dca80000)
 ParOldGen       total 54784K, used 22845K [0x0000000082000000, 0x0000000085580000, 0x00000000d6000000)
  object space 54784K, 41% used [0x0000000082000000,0x000000008364f720,0x0000000085580000)
 Metaspace       used 38548K, capacity 40630K, committed 40960K, reserved 1087488K
  class space    used 5246K, capacity 5622K, committed 5632K, reserved 1048576K
}
Event: 22.921 GC heap before
{Heap before GC invocations=17 (full 2):
 PSYoungGen      total 108032K, used 36106K [0x00000000d6000000, 0x00000000dd700000, 0x0000000100000000)
  eden space 98816K, 27% used [0x00000000d6000000,0x00000000d7a42990,0x00000000dc080000)
  from space 9216K, 100% used [0x00000000dca80000,0x00000000dd380000,0x00000000dd380000)
  to   space 10240K, 0% used [0x00000000dc080000,0x00000000dc080000,0x00000000dca80000)
 ParOldGen       total 54784K, used 22845K [0x0000000082000000, 0x0000000085580000, 0x00000000d6000000)
  object space 54784K, 41% used [0x0000000082000000,0x000000008364f720,0x0000000085580000)
 Metaspace       used 39643K, capacity 41744K, committed 41984K, reserved 1095680K
  class space    used 5383K, capacity 5767K, committed 5888K, reserved 1048576K
Event: 22.952 GC heap after
Heap after GC invocations=17 (full 2):
 PSYoungGen      total 109056K, used 5175K [0x00000000d6000000, 0x00000000dd700000, 0x0000000100000000)
  eden space 98816K, 0% used [0x00000000d6000000,0x00000000d6000000,0x00000000dc080000)
  from space 10240K, 50% used [0x00000000dc080000,0x00000000dc58df50,0x00000000dca80000)
  to   space 9216K, 0% used [0x00000000dca80000,0x00000000dca80000,0x00000000dd380000)
 ParOldGen       total 54784K, used 28585K [0x0000000082000000, 0x0000000085580000, 0x00000000d6000000)
  object space 54784K, 52% used [0x0000000082000000,0x0000000083bea730,0x0000000085580000)
 Metaspace       used 39643K, capacity 41744K, committed 41984K, reserved 1095680K
  class space    used 5383K, capacity 5767K, committed 5888K, reserved 1048576K
}
Event: 22.952 GC heap before
{Heap before GC invocations=18 (full 3):
 PSYoungGen      total 109056K, used 5175K [0x00000000d6000000, 0x00000000dd700000, 0x0000000100000000)
  eden space 98816K, 0% used [0x00000000d6000000,0x00000000d6000000,0x00000000dc080000)
  from space 10240K, 50% used [0x00000000dc080000,0x00000000dc58df50,0x00000000dca80000)
  to   space 9216K, 0% used [0x00000000dca80000,0x00000000dca80000,0x00000000dd380000)
 ParOldGen       total 54784K, used 28585K [0x0000000082000000, 0x0000000085580000, 0x00000000d6000000)
  object space 54784K, 52% used [0x0000000082000000,0x0000000083bea730,0x0000000085580000)
 Metaspace       used 39643K, capacity 41744K, committed 41984K, reserved 1095680K
  class space    used 5383K, capacity 5767K, committed 5888K, reserved 1048576K
Event: 23.770 GC heap after
Heap after GC invocations=18 (full 3):
 PSYoungGen      total 109056K, used 0K [0x00000000d6000000, 0x00000000dd700000, 0x0000000100000000)
  eden space 98816K, 0% used [0x00000000d6000000,0x00000000d6000000,0x00000000dc080000)
  from space 10240K, 0% used [0x00000000dc080000,0x00000000dc080000,0x00000000dca80000)
  to   space 9216K, 0% used [0x00000000dca80000,0x00000000dca80000,0x00000000dd380000)
 ParOldGen       total 54784K, used 31262K [0x0000000082000000, 0x0000000085580000, 0x00000000d6000000)
  object space 54784K, 57% used [0x0000000082000000,0x0000000083e87870,0x0000000085580000)
 Metaspace       used 39643K, capacity 41744K, committed 41984K, reserved 1093632K
  class space    used 5383K, capacity 5767K, committed 5888K, reserved 1048576K
}
Event: 23.783 GC heap before
{Heap before GC invocations=19 (full 3):
 PSYoungGen      total 109056K, used 3220K [0x00000000d6000000, 0x00000000dd700000, 0x0000000100000000)
  eden space 98816K, 3% used [0x00000000d6000000,0x00000000d6325218,0x00000000dc080000)
  from space 10240K, 0% used [0x00000000dc080000,0x00000000dc080000,0x00000000dca80000)
  to   space 9216K, 0% used [0x00000000dca80000,0x00000000dca80000,0x00000000dd380000)
 ParOldGen       total 54784K, used 31262K [0x0000000082000000, 0x0000000085580000, 0x00000000d6000000)
  object space 54784K, 57% used [0x0000000082000000,0x0000000083e87870,0x0000000085580000)
 Metaspace       used 39645K, capacity 41744K, committed 41984K, reserved 1097728K
  class space    used 5385K, capacity 5767K, committed 5888K, reserved 1048576K
Event: 23.786 GC heap after
Heap after GC invocations=19 (full 3):
 PSYoungGen      total 108032K, used 128K [0x00000000d6000000, 0x00000000dd700000, 0x0000000100000000)
  eden space 98816K, 0% used [0x00000000d6000000,0x00000000d6000000,0x00000000dc080000)
  from space 9216K, 1% used [0x00000000dca80000,0x00000000dcaa0000,0x00000000dd380000)
  to   space 10240K, 0% used [0x00000000dc080000,0x00000000dc080000,0x00000000dca80000)
 ParOldGen       total 54784K, used 31270K [0x0000000082000000, 0x0000000085580000, 0x00000000d6000000)
  object space 54784K, 57% used [0x0000000082000000,0x0000000083e89870,0x0000000085580000)
 Metaspace       used 39645K, capacity 41744K, committed 41984K, reserved 1097728K
  class space    used 5385K, capacity 5767K, committed 5888K, reserved 1048576K
}
Event: 23.786 GC heap before
{Heap before GC invocations=20 (full 4):
 PSYoungGen      total 108032K, used 128K [0x00000000d6000000, 0x00000000dd700000, 0x0000000100000000)
  eden space 98816K, 0% used [0x00000000d6000000,0x00000000d6000000,0x00000000dc080000)
  from space 9216K, 1% used [0x00000000dca80000,0x00000000dcaa0000,0x00000000dd380000)
  to   space 10240K, 0% used [0x00000000dc080000,0x00000000dc080000,0x00000000dca80000)
 ParOldGen       total 54784K, used 31270K [0x0000000082000000, 0x0000000085580000, 0x00000000d6000000)
  object space 54784K, 57% used [0x0000000082000000,0x0000000083e89870,0x0000000085580000)
 Metaspace       used 39645K, capacity 41744K, committed 41984K, reserved 1097728K
  class space    used 5385K, capacity 5767K, committed 5888K, reserved 1048576K
Event: 23.888 GC heap after
Heap after GC invocations=20 (full 4):
 PSYoungGen      total 108032K, used 0K [0x00000000d6000000, 0x00000000dd700000, 0x0000000100000000)
  eden space 98816K, 0% used [0x00000000d6000000,0x00000000d6000000,0x00000000dc080000)
  from space 9216K, 0% used [0x00000000dca80000,0x00000000dca80000,0x00000000dd380000)
  to   space 10240K, 0% used [0x00000000dc080000,0x00000000dc080000,0x00000000dca80000)
 ParOldGen       total 54784K, used 30615K [0x0000000082000000, 0x0000000085580000, 0x00000000d6000000)
  object space 54784K, 55% used [0x0000000082000000,0x0000000083de5c40,0x0000000085580000)
 Metaspace       used 39645K, capacity 41744K, committed 41984K, reserved 1093632K
  class space    used 5385K, capacity 5767K, committed 5888K, reserved 1048576K
}

Deoptimization events (0 events):
No events

Internal exceptions (10 events):
Event: 22.607 Thread 0x000000000340a000 Exception <a 'java/lang/ArrayIndexOutOfBoundsException'> (0x00000000d7132ef0) thrown at [C:\re\workspace\8-2-build-windows-amd64-cygwin\jdk8u101\7261\hotspot\src\share\vm\runtime\sharedRuntime.cpp, line 605]
Event: 24.004 Thread 0x000000000340a000 Exception <a 'java/lang/UnsatisfiedLinkError'> (0x00000000d614a138) thrown at [C:\re\workspace\8-2-build-windows-amd64-cygwin\jdk8u101\7261\hotspot\src\share\vm\prims\jvm.cpp, line 3969]
Event: 24.004 Thread 0x000000000340a000 Exception <a 'java/lang/UnsatisfiedLinkError'> (0x00000000d614a138) thrown at [C:\re\workspace\8-2-build-windows-amd64-cygwin\jdk8u101\7261\hotspot\src\share\vm\prims\jni.cpp, line 709]
Event: 24.004 Thread 0x000000000340a000 Exception <a 'java/lang/UnsatisfiedLinkError'> (0x00000000d614a138) thrown at [C:\re\workspace\8-2-build-windows-amd64-cygwin\jdk8u101\7261\hotspot\src\share\vm\prims\jvm.cpp, line 1390]
Event: 24.066 Thread 0x000000000340a000 Exception <a 'java/lang/VirtualMachineError': out of space in CodeCache for adapters> (0x00000000d6173960) thrown at [C:\re\workspace\8-2-build-windows-amd64-cygwin\jdk8u101\7261\hotspot\src\share\vm\oops\method.cpp, line 929]
Event: 24.066 Thread 0x000000000340a000 Exception <a 'java/lang/reflect/InvocationTargetException'> (0x00000000d6173f38) thrown at [C:\re\workspace\8-2-build-windows-amd64-cygwin\jdk8u101\7261\hotspot\src\share\vm\runtime\reflection.cpp, line 1092]
Event: 24.066 Thread 0x000000000340a000 Exception <a 'java/lang/VirtualMachineError'> (0x00000000d6173960) thrown at [C:\re\workspace\8-2-build-windows-amd64-cygwin\jdk8u101\7261\hotspot\src\share\vm\prims\jni.cpp, line 709]
Event: 24.066 Thread 0x000000000340a000 Exception <a 'java/lang/VirtualMachineError'> (0x00000000d6173960) thrown at [C:\re\workspace\8-2-build-windows-amd64-cygwin\jdk8u101\7261\hotspot\src\share\vm\prims\jvm.cpp, line 1390]
Event: 24.067 Thread 0x000000000340a000 Exception <a 'java/lang/reflect/InvocationTargetException'> (0x00000000d6176408) thrown at [C:\re\workspace\8-2-build-windows-amd64-cygwin\jdk8u101\7261\hotspot\src\share\vm\runtime\reflection.cpp, line 1092]
Event: 24.087 Thread 0x000000000340a000 Exception <a 'java/lang/NullPointerException'> (0x00000000d627acb8) thrown at [C:\re\workspace\8-2-build-windows-amd64-cygwin\jdk8u101\7261\hotspot\src\share\vm\interpreter\linkResolver.cpp, line 1178]

Events (10 events):
Event: 24.336 loading class java/security/spec/ECParameterSpec done
Event: 24.364 loading class java/security/spec/ECFieldF2m
Event: 24.365 loading class java/security/spec/ECFieldF2m done
Event: 24.379 loading class com/sun/net/ssl/internal/ssl/Provider
Event: 24.379 loading class sun/security/ssl/SunJSSE
Event: 24.380 loading class sun/security/ssl/SunJSSE done
Event: 24.380 Executing VM operation: Deoptimize
Event: 24.398 Executing VM operation: Deoptimize done
Event: 24.398 loading class com/sun/net/ssl/internal/ssl/Provider done
Event: 24.399 Executing VM operation: CollectForMetadataAllocation


Dynamic libraries:
0x00007ff7314b0000 - 0x00007ff7314e7000 	D:\software\Java\jdk1.8.0_101\bin\java.exe
0x00007ff980180000 - 0x00007ff980370000 	C:\WINDOWS\SYSTEM32\ntdll.dll
0x00007ff980020000 - 0x00007ff9800d2000 	C:\WINDOWS\System32\KERNEL32.DLL
0x00007ff97d5f0000 - 0x00007ff97d893000 	C:\WINDOWS\System32\KERNELBASE.dll
0x00007ff97f1a0000 - 0x00007ff97f243000 	C:\WINDOWS\System32\ADVAPI32.dll
0x00007ff97f7a0000 - 0x00007ff97f83e000 	C:\WINDOWS\System32\msvcrt.dll
0x00007ff97e3a0000 - 0x00007ff97e437000 	C:\WINDOWS\System32\sechost.dll
0x00007ff97fd40000 - 0x00007ff97fe60000 	C:\WINDOWS\System32\RPCRT4.dll
0x00007ff97fe60000 - 0x00007ff97fff4000 	C:\WINDOWS\System32\USER32.dll
0x00007ff97d570000 - 0x00007ff97d591000 	C:\WINDOWS\System32\win32u.dll
0x00007ff97f3b0000 - 0x00007ff97f3d6000 	C:\WINDOWS\System32\GDI32.dll
0x00007ff97d280000 - 0x00007ff97d414000 	C:\WINDOWS\System32\gdi32full.dll
0x00007ff97d4d0000 - 0x00007ff97d56e000 	C:\WINDOWS\System32\msvcp_win.dll
0x00007ff97d180000 - 0x00007ff97d27a000 	C:\WINDOWS\System32\ucrtbase.dll
0x00007ff96e160000 - 0x00007ff96e3e5000 	C:\WINDOWS\WinSxS\amd64_microsoft.windows.common-controls_6595b64144ccf1df_6.0.18362.592_none_e6c0b1911312be02\COMCTL32.dll
0x00007ff97f3f0000 - 0x00007ff97f726000 	C:\WINDOWS\System32\combase.dll
0x00007ff97d100000 - 0x00007ff97d180000 	C:\WINDOWS\System32\bcryptPrimitives.dll
0x00007ff97e690000 - 0x00007ff97e6be000 	C:\WINDOWS\System32\IMM32.DLL
0x0000000077220000 - 0x00000000772f2000 	D:\software\Java\jdk1.8.0_101\jre\bin\msvcr100.dll
0x0000000076730000 - 0x0000000076fca000 	D:\software\Java\jdk1.8.0_101\jre\bin\server\jvm.dll
0x00007ff97f3e0000 - 0x00007ff97f3e8000 	C:\WINDOWS\System32\PSAPI.DLL
0x00007ff97a740000 - 0x00007ff97a764000 	C:\WINDOWS\SYSTEM32\WINMM.dll
0x00007ff96db30000 - 0x00007ff96db39000 	C:\WINDOWS\SYSTEM32\WSOCK32.dll
0x00007ff9731a0000 - 0x00007ff9731aa000 	C:\WINDOWS\SYSTEM32\VERSION.dll
0x00007ff97e440000 - 0x00007ff97e4af000 	C:\WINDOWS\System32\WS2_32.dll
0x00007ff97a610000 - 0x00007ff97a63d000 	C:\WINDOWS\SYSTEM32\WINMMBASE.dll
0x00007ff97d5a0000 - 0x00007ff97d5ea000 	C:\WINDOWS\System32\cfgmgr32.dll
0x0000000077210000 - 0x000000007721f000 	D:\software\Java\jdk1.8.0_101\jre\bin\verify.dll
0x00000000771e0000 - 0x0000000077209000 	D:\software\Java\jdk1.8.0_101\jre\bin\java.dll
0x0000000077050000 - 0x0000000077085000 	D:\software\Java\jdk1.8.0_101\jre\bin\jdwp.dll
0x0000000077040000 - 0x0000000077048000 	D:\software\Java\jdk1.8.0_101\jre\bin\npt.dll
0x0000000077010000 - 0x0000000077033000 	D:\software\Java\jdk1.8.0_101\jre\bin\instrument.dll
0x00000000771c0000 - 0x00000000771d6000 	D:\software\Java\jdk1.8.0_101\jre\bin\zip.dll
0x00007ff97daf0000 - 0x00007ff97e1d5000 	C:\WINDOWS\System32\SHELL32.dll
0x00007ff97f0f0000 - 0x00007ff97f199000 	C:\WINDOWS\System32\shcore.dll
0x00007ff97c780000 - 0x00007ff97ceff000 	C:\WINDOWS\System32\windows.storage.dll
0x00007ff97c740000 - 0x00007ff97c75f000 	C:\WINDOWS\System32\profapi.dll
0x00007ff97c6d0000 - 0x00007ff97c71a000 	C:\WINDOWS\System32\powrprof.dll
0x00007ff97c6c0000 - 0x00007ff97c6d0000 	C:\WINDOWS\System32\UMPDC.dll
0x00007ff9800e0000 - 0x00007ff980132000 	C:\WINDOWS\System32\shlwapi.dll
0x00007ff97c720000 - 0x00007ff97c731000 	C:\WINDOWS\System32\kernel.appcore.dll
0x00007ff97d0e0000 - 0x00007ff97d0f7000 	C:\WINDOWS\System32\cryptsp.dll
0x0000000077000000 - 0x0000000077009000 	D:\software\Java\jdk1.8.0_101\jre\bin\dt_socket.dll
0x00007ff97bf30000 - 0x00007ff97bf97000 	C:\WINDOWS\system32\mswsock.dll
0x0000000077170000 - 0x000000007718a000 	D:\software\Java\jdk1.8.0_101\jre\bin\net.dll
0x00007ff97bc80000 - 0x00007ff97bd4a000 	C:\WINDOWS\SYSTEM32\DNSAPI.dll
0x00007ff97f0e0000 - 0x00007ff97f0e8000 	C:\WINDOWS\System32\NSI.dll
0x00007ff97bc40000 - 0x00007ff97bc7a000 	C:\WINDOWS\SYSTEM32\IPHLPAPI.DLL
0x00007ff9733b0000 - 0x00007ff9733ba000 	C:\Windows\System32\rasadhlp.dll
0x00007ff976a90000 - 0x00007ff976b07000 	C:\WINDOWS\System32\fwpuclnt.dll
0x00007ff97d0b0000 - 0x00007ff97d0d6000 	C:\WINDOWS\System32\bcrypt.dll
0x0000000077090000 - 0x000000007709d000 	D:\software\Java\jdk1.8.0_101\jre\bin\management.dll
0x0000000077150000 - 0x0000000077161000 	D:\software\Java\jdk1.8.0_101\jre\bin\nio.dll
0x00007ff97ba40000 - 0x00007ff97ba73000 	C:\WINDOWS\system32\rsaenh.dll
0x00007ff97c5b0000 - 0x00007ff97c5d5000 	C:\WINDOWS\SYSTEM32\USERENV.dll
0x00007ff97c100000 - 0x00007ff97c10c000 	C:\WINDOWS\SYSTEM32\CRYPTBASE.dll
0x00007ff976d80000 - 0x00007ff976d96000 	C:\WINDOWS\SYSTEM32\dhcpcsvc6.DLL
0x00007ff976d60000 - 0x00007ff976d7c000 	C:\WINDOWS\SYSTEM32\dhcpcsvc.DLL
0x00007ff967470000 - 0x00007ff967486000 	C:\WINDOWS\system32\napinsp.dll
0x00007ff967450000 - 0x00007ff96746a000 	C:\WINDOWS\system32\pnrpnsp.dll
0x00007ff967440000 - 0x00007ff96744e000 	C:\WINDOWS\System32\winrnr.dll
0x00007ff978f20000 - 0x00007ff978f3c000 	C:\WINDOWS\system32\NLAapi.dll
0x00007ff967420000 - 0x00007ff967435000 	C:\WINDOWS\system32\wshbth.dll

VM Arguments:
jvm_args: -agentlib:jdwp=transport=dt_socket,address=127.0.0.1:60071,suspend=y,server=n -XX:TieredStopAtLevel=1 -Xverify:none -Dspring.output.ansi.enabled=always -Dcom.sun.management.jmxremote -Dspring.jmx.enabled=true -Dspring.liveBeansView.mbeanDomain -Dspring.application.admin.enabled=true -javaagent:C:\Users\Administrator\.IntelliJIdea2019.2\system\captureAgent\debugger-agent.jar -Dfile.encoding=UTF-8 
java_command: com.example.eurekaserver3.EurekaServer3Application
java_class_path (initial): D:\software\Java\jdk1.8.0_101\jre\lib\charsets.jar;D:\software\Java\jdk1.8.0_101\jre\lib\deploy.jar;D:\software\Java\jdk1.8.0_101\jre\lib\ext\access-bridge-64.jar;D:\software\Java\jdk1.8.0_101\jre\lib\ext\cldrdata.jar;D:\software\Java\jdk1.8.0_101\jre\lib\ext\dnsns.jar;D:\software\Java\jdk1.8.0_101\jre\lib\ext\jaccess.jar;D:\software\Java\jdk1.8.0_101\jre\lib\ext\jfxrt.jar;D:\software\Java\jdk1.8.0_101\jre\lib\ext\localedata.jar;D:\software\Java\jdk1.8.0_101\jre\lib\ext\nashorn.jar;D:\software\Java\jdk1.8.0_101\jre\lib\ext\sunec.jar;D:\software\Java\jdk1.8.0_101\jre\lib\ext\sunjce_provider.jar;D:\software\Java\jdk1.8.0_101\jre\lib\ext\sunmscapi.jar;D:\software\Java\jdk1.8.0_101\jre\lib\ext\sunpkcs11.jar;D:\software\Java\jdk1.8.0_101\jre\lib\ext\zipfs.jar;D:\software\Java\jdk1.8.0_101\jre\lib\javaws.jar;D:\software\Java\jdk1.8.0_101\jre\lib\jce.jar;D:\software\Java\jdk1.8.0_101\jre\lib\jfr.jar;D:\software\Java\jdk1.8.0_101\jre\lib\jfxswt.jar;D:\software\Java\jdk1.8.0_101\jre\lib\jsse.jar;D:\software\Java\jdk1.8.0_101\jre\lib\management-agent.jar;D:\software\Java\jdk1.8.0_101\jre\lib\plugin.jar;D:\software\Java\jdk1.8.0_101\jre\lib\resources.jar;D:\software\Java\jdk1.8.0_101\jre\lib\rt.jar;E:\idea-workspace\springcloud\eureka-server3\target\classes;C:\Users\Administrator\.m2\repository\org\springframework\cloud\spring-cloud-starter-netflix-eureka-server\2.0.0.RELEASE\spring-cloud-starter-netflix-eureka-server-2.0.0.RELEASE.jar;C:\Users\Administrator\.m2\repository\org\springframework\cloud\spring-cloud-starter\2.0.0.RELEASE\spring-cloud-starter-2.0.0.RELEASE.jar;C:\Users\Administrator\.m2\repository\org\springframework\cloud\spring-cloud-context\2.0.0.RELEASE\spring-cloud-context-2.0.0.RELEASE.jar;C:\Users\Administrator\.m2\repository\org\springframework\security\spring-security-crypto\5.0.6.RELEASE\spring-security-crypto-5.0.6.RELEASE.jar;C:\Users\Administrator\.m2\repository\org\springframework\cloud\spring-cloud-commons\2.0.0.RELEASE\sp
Launcher Type: SUN_STANDARD

Environment Variables:
JAVA_HOME=D:\software\Java\jdk1.8.0_101
CLASSPATH=D:\software\apache-jmeter-4.0\lib\ext\ApacheJMeter_core.jar;D:\software\apache-jmeter-4.0\lib\jorphan.jar;D:\software\apache-jmeter-4.0\lib\logkit-2.0.jar;
PATH=D:\IntelliJ IDEA 2019.2\jbr\\bin;D:\IntelliJ IDEA 2019.2\jbr\\bin\server;E:\Xshell\;E:\Xftp\;C:\WINDOWS\system32;C:\WINDOWS;C:\WINDOWS\System32\Wbem;C:\WINDOWS\System32\WindowsPowerShell\v1.0\;D:\software\Java\jdk1.8.0_101\bin;D:\software\Java\jdk1.8.0_101\jre\bin;D:\mysql-5.7.27-winx64\bin;C:\src\flutter\bin;D:\svn\bin;D:\node.js;D:\redis\;C:\WINDOWS\System32\OpenSSH\;D:\Git\cmd;D:\python;D:\erl10.5\bin;D:\software\maven\apache-maven-3.6.0\bin;C:\Users\Administrator\AppData\Local\Programs\Python\Python38\Scripts\;C:\Users\Administrator\AppData\Local\Programs\Python\Python38\;D:\node.js\node_global;C:\Users\Administrator\AppData\Local\Microsoft\WindowsApps;E:\docker\doker-tool\Docker Toolbox;
USERNAME=Administrator
OS=Windows_NT
PROCESSOR_IDENTIFIER=Intel64 Family 6 Model 158 Stepping 9, GenuineIntel



---------------  S Y S T E M  ---------------

OS: Windows 10.0 , 64 bit Build 18362 (10.0.18362.329)

CPU:total 4 (4 cores per cpu, 1 threads per core) family 6 model 158 stepping 9, cmov, cx8, fxsr, mmx, sse, sse2, sse3, ssse3, sse4.1, sse4.2, popcnt, avx, avx2, aes, clmul, erms, 3dnowpref, lzcnt, tsc, tscinvbit, bmi1, bmi2, adx

Memory: 4k page, physical 8250964k(1506148k free), swap 18657928k(0k free)

vm_info: Java HotSpot(TM) 64-Bit Server VM (25.101-b13) for windows-amd64 JRE (1.8.0_101-b13), built on Jun 22 2016 01:21:29 by "java_re" with MS VC++ 10.0 (VS2010)

time: Thu Mar 12 16:07:01 2020
elapsed time: 24 seconds (0d 0h 0m 24s)

